2025-09-07 22:08:01,473 - INFO - Successfully authenticated with Earth Engine
2025-09-07 22:08:02,077 - INFO - ['treecover2000', 'loss', 'gain', 'lossyear', 'first_b30', 'first_b40', 'first_b50', 'first_b70', 'last_b30', 'last_b40', 'last_b50', 'last_b70', 'datamask']
2025-09-07 22:08:03,064 - INFO - Forest area in 2000: 8936065791.026289 m²
2025-09-07 22:08:04,024 - INFO - Total loss area (2001-2024): 174222282.0176777 m²
2025-09-07 22:08:05,815 - INFO - Total gain area (2001-2024): 0 m²
2025-09-07 22:08:06,839 - INFO - {'loss_area_m2': 7732488.7634191215, 'year': 2001}
2025-09-07 22:08:06,840 - INFO - {'loss_area_m2': 5494800.970833331, 'year': 2002}
2025-09-07 22:08:06,840 - INFO - {'loss_area_m2': 5730479.768995095, 'year': 2003}
2025-09-07 22:08:06,841 - INFO - {'loss_area_m2': 7650368.632291665, 'year': 2004}
2025-09-07 22:08:06,841 - INFO - {'loss_area_m2': 9719857.335324734, 'year': 2005}
2025-09-07 22:08:06,842 - INFO - {'loss_area_m2': 11627351.68820465, 'year': 2006}
2025-09-07 22:08:06,843 - INFO - {'loss_area_m2': 8330279.282720587, 'year': 2007}
2025-09-07 22:08:06,843 - INFO - {'loss_area_m2': 8450531.399571076, 'year': 2008}
2025-09-07 22:08:06,844 - INFO - {'loss_area_m2': 6873404.789093139, 'year': 2009}
2025-09-07 22:08:06,844 - INFO - {'loss_area_m2': 2738218.53805147, 'year': 2010}
2025-09-07 22:08:06,845 - INFO - {'loss_area_m2': 10717837.953584561, 'year': 2011}
2025-09-07 22:08:06,845 - INFO - {'loss_area_m2': 8138115.495588238, 'year': 2012}
2025-09-07 22:08:06,846 - INFO - {'loss_area_m2': 8396990.995618876, 'year': 2013}
2025-09-07 22:08:06,846 - INFO - {'loss_area_m2': 8814281.712653188, 'year': 2014}
2025-09-07 22:08:06,847 - INFO - {'loss_area_m2': 4693384.264828432, 'year': 2015}
2025-09-07 22:08:06,848 - INFO - {'loss_area_m2': 7243954.756433821, 'year': 2016}
2025-09-07 22:08:06,848 - INFO - {'loss_area_m2': 5114377.330024511, 'year': 2017}
2025-09-07 22:08:06,848 - INFO - {'loss_area_m2': 3881995.8994791666, 'year': 2018}
2025-09-07 22:08:06,849 - INFO - {'loss_area_m2': 1119805.0833333337, 'year': 2019}
2025-09-07 22:08:06,850 - INFO - {'loss_area_m2': 3179061.914276961, 'year': 2020}
2025-09-07 22:08:06,851 - INFO - {'loss_area_m2': 575067.4142156863, 'year': 2021}
2025-09-07 22:08:06,852 - INFO - {'loss_area_m2': 1564107.5287990193, 'year': 2022}
2025-09-07 22:08:06,853 - INFO - {'loss_area_m2': 13015516.713204652, 'year': 2023}
2025-09-07 22:08:06,854 - INFO - {'loss_area_m2': 11461511.64200368, 'year': 2024}
